<?xml version="1.0" encoding="UTF-8"?>
<testsuite xmlns:xsi="http://www.w3.org/2001/XMLSchema-instance" xsi:noNamespaceSchemaLocation="https://maven.apache.org/surefire/maven-surefire-plugin/xsd/surefire-test-report-3.0.xsd" version="3.0" name="com.cloud_service.lab4.AppTest" time="1.289" tests="3" errors="0" skipped="0" failures="0">
  <properties>
[...]
</properties>
  <testcase name="testHello" classname="com.cloud_service.lab4.AppTest" time="0.281">
    <system-err><![CDATA[Dec 27, 2022 4:07:01 AM com.cloud_service.lab4.App startServer
INFO: Starting Server........
Dec 27, 2022 4:07:02 AM org.glassfish.jersey.server.wadl.WadlFeature configure
WARNING: JAX-B API not found . WADL feature is disabled.
Dec 27, 2022 4:07:02 AM org.glassfish.grizzly.http.server.NetworkListener start
INFO: Started listener bound to [localhost:8080]
Dec 27, 2022 4:07:02 AM org.glassfish.grizzly.http.server.HttpServer start
INFO: [HttpServer] Started.
]]></system-err>
  </testcase>
  <testcase name="testHelloHK2" classname="com.cloud_service.lab4.AppTest" time="0.006"/>
  <testcase name="testHelloName" classname="com.cloud_service.lab4.AppTest" time="0.007"/>
</testsuite>